Build started 24-05-2011 14:02:09.
     1>Project "C:\Users\Cedric\Desktop\PlanetaXPTO\CG_FASE_2\CG_FASE_1\CG_FASE_1.vcxproj" on node 2 (build target(s)).
     1>InitializeBuildStatus:
         Creating "Debug\CG_FASE_1.unsuccessfulbuild" because "AlwaysCreate" was specified.
       ClCompile:
         C:\Program Files (x86)\Microsoft Visual Studio 10.0\VC\bin\CL.exe /c /ZI /nologo /W3 /WX- /Od /Oy- /D WIN32 /D _DEBUG /D _CONSOLE /D _UNICODE /D UNICODE /Gm /EHsc /RTC1 /MDd /GS /fp:precise /Zc:wchar_t /Zc:forScope /Fo"Debug\\" /Fd"Debug\vc100.pdb" /Gd /TP /analyze- /errorReport:prompt Source\scene.cpp
         scene.cpp
     1>c:\users\cedric\desktop\planetaxpto\cg_fase_2\cg_fase_1\source\md2\md2model.h(137): warning C4290: C++ exception specification ignored except to indicate a function is not __declspec(nothrow)
     1>c:\users\cedric\desktop\planetaxpto\cg_fase_2\cg_fase_1\source\md2\md2player.h(41): warning C4290: C++ exception specification ignored except to indicate a function is not __declspec(nothrow)
     1>c:\users\cedric\desktop\planetaxpto\cg_fase_2\cg_fase_1\source\config.h(1): warning C4005: 'M_PI' : macro redefinition
                 c:\users\cedric\desktop\planetaxpto\cg_fase_2\cg_fase_1\source\glm.h(19) : see previous definition of 'M_PI'
       ManifestResourceCompile:
         All outputs are up-to-date.
       Link:
         C:\Program Files (x86)\Microsoft Visual Studio 10.0\VC\bin\link.exe /ERRORREPORT:PROMPT /OUT:"C:\Users\Cedric\Desktop\PlanetaXPTO\CG_FASE_2\Debug\CG_FASE_1.exe" /INCREMENTAL /NOLOGO glew32.lib kernel32.lib user32.lib gdi32.lib winspool.lib comdlg32.lib advapi32.lib shell32.lib ole32.lib oleaut32.lib uuid.lib odbc32.lib odbccp32.lib /MANIFEST /ManifestFile:"Debug\CG_FASE_1.exe.intermediate.manifest" /MANIFESTUAC:"level='asInvoker' uiAccess='false'" /DEBUG /PDB:"C:\Users\Cedric\Desktop\PlanetaXPTO\CG_FASE_2\Debug\CG_FASE_1.pdb" /SUBSYSTEM:CONSOLE /TLBID:1 /DYNAMICBASE /NXCOMPAT /IMPLIB:"C:\Users\Cedric\Desktop\PlanetaXPTO\CG_FASE_2\Debug\CG_FASE_1.lib" /MACHINE:X86 Debug\CG_FASE_1.exe.embed.manifest.res
         Debug\AABox.obj
         Debug\FrustumG.obj
         Debug\glm.obj
         Debug\input.obj
         Debug\main.obj
         Debug\Image.obj
         Debug\Md2Model.obj
         Debug\Md2Player.obj
         Debug\Texture.obj
         Debug\output.obj
         Debug\Plane.obj
         Debug\scene.obj
         Debug\terrain.obj
         Debug\Vec3.obj
       Manifest:
         C:\Program Files (x86)\Microsoft SDKs\Windows\v7.0A\bin\mt.exe /nologo /verbose /out:"Debug\CG_FASE_1.exe.embed.manifest" /manifest Debug\CG_FASE_1.exe.intermediate.manifest
         All outputs are up-to-date.
       LinkEmbedManifest:
         All outputs are up-to-date.
         CG_FASE_1.vcxproj -> C:\Users\Cedric\Desktop\PlanetaXPTO\CG_FASE_2\Debug\CG_FASE_1.exe
       FinalizeBuildStatus:
         Deleting file "Debug\CG_FASE_1.unsuccessfulbuild".
         Touching "Debug\CG_FASE_1.lastbuildstate".
     1>Done Building Project "C:\Users\Cedric\Desktop\PlanetaXPTO\CG_FASE_2\CG_FASE_1\CG_FASE_1.vcxproj" (build target(s)).

Build succeeded.

Time Elapsed 00:00:03.49
